<?xml version="1.0" encoding="UTF-8"?>
<!-- Generated by org.testng.reporters.JUnitReportReporter -->
<testsuite hostname="Nimmi-PC" name="demolesson.Demo1" tests="2" failures="0" timestamp="8 Feb 2018 12:54:41 GMT" time="0.031" errors="0">
  <testcase name="test" time="0.031" classname="demolesson.Demo1"/>
  <testcase name="test1" time="0.000" classname="demolesson.Demo1"/>
</testsuite> <!-- demolesson.Demo1 -->
